<?xml version="1.0" encoding="UTF-8"?>
<!-- Generated by org.testng.reporters.JUnitReportReporter -->
<testsuite name="cart_TestNG_example.Excute_multiple_times" tests="4" time="0.027" ignored="0" failures="0" timestamp="14 Oct 2019 11:06:27 GMT" skipped="0" hostname="Manjith-PC" errors="0">
  <testcase name="test2" time="0.021" classname="cart_TestNG_example.Excute_multiple_times"/>
  <testcase name="test1" time="0.002" classname="cart_TestNG_example.Excute_multiple_times"/>
  <testcase name="test1" time="0.002" classname="cart_TestNG_example.Excute_multiple_times"/>
  <testcase name="test1" time="0.002" classname="cart_TestNG_example.Excute_multiple_times"/>
</testsuite> <!-- cart_TestNG_example.Excute_multiple_times -->
