<?xml version="1.0" encoding="UTF-8"?>
<!-- Generated by org.testng.reporters.JUnitReportReporter -->
<testsuite name="cart_TestNG_example.Multiple_annotation" tests="2" time="0.023" ignored="0" failures="0" timestamp="14 Oct 2019 11:00:38 GMT" skipped="0" hostname="Manjith-PC" errors="0">
  <testcase name="test2" time="0.020" classname="cart_TestNG_example.Multiple_annotation"/>
  <testcase name="test1" time="0.003" classname="cart_TestNG_example.Multiple_annotation"/>
</testsuite> <!-- cart_TestNG_example.Multiple_annotation -->
