<?xml version="1.0" encoding="UTF-8"?>
<!-- Generated by org.testng.reporters.JUnitReportReporter -->
<testsuite name="cart_TestNG_example.Script_no1" tests="1" time="0.006" ignored="0" failures="0" timestamp="14 Oct 2019 10:06:32 GMT" skipped="0" hostname="Manjith-PC" errors="0">
  <testcase name="test1" time="0.006" classname="cart_TestNG_example.Script_no1"/>
</testsuite> <!-- cart_TestNG_example.Script_no1 -->
