<?xml version="1.0" encoding="UTF-8"?>
<!-- Generated by org.testng.reporters.JUnitReportReporter -->
<testsuite name="Framework.Recieve_parameter_xml" tests="1" time="0.031" ignored="0" failures="0" timestamp="01 Nov 2019 09:21:11 GMT" skipped="0" hostname="Manjith-PC" errors="0">
  <testcase name="test_parallel" time="0.031" classname="Framework.Recieve_parameter_xml"/>
</testsuite> <!-- Framework.Recieve_parameter_xml -->
