<?xml version="1.0" encoding="UTF-8"?>
<!-- Generated by org.testng.reporters.JUnitReportReporter -->
<testsuite name="Pom_Class.fb_test" tests="1" time="33.307" ignored="0" failures="0" timestamp="24 Oct 2019 09:56:23 GMT" skipped="0" hostname="Manjith-PC" errors="0">
  <testcase name="test" time="33.307" classname="Pom_Class.fb_test"/>
</testsuite> <!-- Pom_Class.fb_test -->
